8.0.1 21-04-2020 16:57:20 Starting new session. Mods: examplemod 
8.0.1 21-04-2020 16:57:40 MAJOR: null: Loading language: en_us
8.0.1 21-04-2020 16:57:40 ERROR: null: Key goal.mineiron2 is present more than once in C:\Users\juand\Documents\Curse\Minecraft\Instances\TBA\mods\millenaire\languages\en\strings.txt
8.0.1 21-04-2020 16:57:40 ERROR: null: Key goal.mineiron2 is present more than once in C:\Users\juand\Documents\Curse\Minecraft\Instances\TBA\mods\millenaire\languages\en\strings.txt
8.0.1 21-04-2020 16:57:40 ERROR: Culture: byzantines: en_us: In dialogue file C:\Users\juand\Documents\Curse\Minecraft\Instances\TBA\mods\millenaire\languages\en\byzantines_dialogues.txt the following line is invalid: //* Dialogue lines start with a code like "v2;30;" which specify who is speaking and when the line shows up. Please copy it exactly in your translations.
8.0.1 21-04-2020 16:57:40 ERROR: Culture: byzantines: en: In dialogue file C:\Users\juand\Documents\Curse\Minecraft\Instances\TBA\mods\millenaire\languages\en\byzantines_dialogues.txt the following line is invalid: //* Dialogue lines start with a code like "v2;30;" which specify who is speaking and when the line shows up. Please copy it exactly in your translations.
8.0.1 21-04-2020 16:57:41 MAJOR: null: LanguageData loaded: en_us. Wand invitem name: Wand of Summoning
8.0.1 21-04-2020 17:28:01 Starting new session. Mods: examplemod 
8.0.1 21-04-2020 17:28:31 MAJOR: null: Loading language: en_us
8.0.1 21-04-2020 17:28:31 ERROR: null: Key goal.mineiron2 is present more than once in C:\Users\juand\Documents\Curse\Minecraft\Instances\TBA\mods\millenaire\languages\en\strings.txt
8.0.1 21-04-2020 17:28:31 ERROR: null: Key goal.mineiron2 is present more than once in C:\Users\juand\Documents\Curse\Minecraft\Instances\TBA\mods\millenaire\languages\en\strings.txt
8.0.1 21-04-2020 17:28:31 ERROR: Culture: byzantines: en_us: In dialogue file C:\Users\juand\Documents\Curse\Minecraft\Instances\TBA\mods\millenaire\languages\en\byzantines_dialogues.txt the following line is invalid: //* Dialogue lines start with a code like "v2;30;" which specify who is speaking and when the line shows up. Please copy it exactly in your translations.
8.0.1 21-04-2020 17:28:31 ERROR: Culture: byzantines: en: In dialogue file C:\Users\juand\Documents\Curse\Minecraft\Instances\TBA\mods\millenaire\languages\en\byzantines_dialogues.txt the following line is invalid: //* Dialogue lines start with a code like "v2;30;" which specify who is speaking and when the line shows up. Please copy it exactly in your translations.
8.0.1 21-04-2020 17:28:32 MAJOR: null: LanguageData loaded: en_us. Wand invitem name: Wand of Summoning
8.0.1 22-04-2020 02:56:45 Starting new session. Mods: examplemod 
8.0.1 22-04-2020 02:57:14 MAJOR: null: Loading language: en_us
8.0.1 22-04-2020 02:57:14 ERROR: null: Key goal.mineiron2 is present more than once in C:\Users\juand\Documents\Curse\Minecraft\Instances\Drifter\mods\millenaire\languages\en\strings.txt
8.0.1 22-04-2020 02:57:14 ERROR: null: Key goal.mineiron2 is present more than once in C:\Users\juand\Documents\Curse\Minecraft\Instances\Drifter\mods\millenaire\languages\en\strings.txt
8.0.1 22-04-2020 02:57:14 ERROR: Culture: byzantines: en_us: In dialogue file C:\Users\juand\Documents\Curse\Minecraft\Instances\Drifter\mods\millenaire\languages\en\byzantines_dialogues.txt the following line is invalid: //* Dialogue lines start with a code like "v2;30;" which specify who is speaking and when the line shows up. Please copy it exactly in your translations.
8.0.1 22-04-2020 02:57:14 ERROR: Culture: byzantines: en: In dialogue file C:\Users\juand\Documents\Curse\Minecraft\Instances\Drifter\mods\millenaire\languages\en\byzantines_dialogues.txt the following line is invalid: //* Dialogue lines start with a code like "v2;30;" which specify who is speaking and when the line shows up. Please copy it exactly in your translations.
8.0.1 22-04-2020 02:57:15 MAJOR: null: LanguageData loaded: en_us. Wand invitem name: Wand of Summoning
8.0.1 22-04-2020 03:02:58 Starting new session. Mods: examplemod 
8.0.1 22-04-2020 03:03:26 MAJOR: null: Loading language: en_us
8.0.1 22-04-2020 03:03:26 ERROR: null: Key goal.mineiron2 is present more than once in C:\Users\juand\Documents\Curse\Minecraft\Instances\Drifter\mods\millenaire\languages\en\strings.txt
8.0.1 22-04-2020 03:03:26 ERROR: null: Key goal.mineiron2 is present more than once in C:\Users\juand\Documents\Curse\Minecraft\Instances\Drifter\mods\millenaire\languages\en\strings.txt
8.0.1 22-04-2020 03:03:26 ERROR: Culture: byzantines: en_us: In dialogue file C:\Users\juand\Documents\Curse\Minecraft\Instances\Drifter\mods\millenaire\languages\en\byzantines_dialogues.txt the following line is invalid: //* Dialogue lines start with a code like "v2;30;" which specify who is speaking and when the line shows up. Please copy it exactly in your translations.
8.0.1 22-04-2020 03:03:26 ERROR: Culture: byzantines: en: In dialogue file C:\Users\juand\Documents\Curse\Minecraft\Instances\Drifter\mods\millenaire\languages\en\byzantines_dialogues.txt the following line is invalid: //* Dialogue lines start with a code like "v2;30;" which specify who is speaking and when the line shows up. Please copy it exactly in your translations.
8.0.1 22-04-2020 03:03:27 MAJOR: null: LanguageData loaded: en_us. Wand invitem name: Wand of Summoning
8.0.1 22-04-2020 19:32:15 Starting new session. Mods: examplemod 
8.0.1 22-04-2020 19:32:48 MAJOR: null: Loading language: en_us
8.0.1 22-04-2020 19:32:48 ERROR: null: Key goal.mineiron2 is present more than once in C:\Users\juand\Documents\Curse\Minecraft\Instances\Drifter\mods\millenaire\languages\en\strings.txt
8.0.1 22-04-2020 19:32:48 ERROR: null: Key goal.mineiron2 is present more than once in C:\Users\juand\Documents\Curse\Minecraft\Instances\Drifter\mods\millenaire\languages\en\strings.txt
8.0.1 22-04-2020 19:32:48 ERROR: Culture: byzantines: en_us: In dialogue file C:\Users\juand\Documents\Curse\Minecraft\Instances\Drifter\mods\millenaire\languages\en\byzantines_dialogues.txt the following line is invalid: //* Dialogue lines start with a code like "v2;30;" which specify who is speaking and when the line shows up. Please copy it exactly in your translations.
8.0.1 22-04-2020 19:32:48 ERROR: Culture: byzantines: en: In dialogue file C:\Users\juand\Documents\Curse\Minecraft\Instances\Drifter\mods\millenaire\languages\en\byzantines_dialogues.txt the following line is invalid: //* Dialogue lines start with a code like "v2;30;" which specify who is speaking and when the line shows up. Please copy it exactly in your translations.
8.0.1 22-04-2020 19:32:48 MAJOR: null: LanguageData loaded: en_us. Wand invitem name: Wand of Summoning
8.0.1 22-04-2020 19:39:03 Starting new session. Mods: examplemod 
8.0.1 22-04-2020 19:39:33 MAJOR: null: Loading language: en_us
8.0.1 22-04-2020 19:39:33 ERROR: null: Key goal.mineiron2 is present more than once in C:\Users\juand\Documents\Curse\Minecraft\Instances\Drifter\mods\millenaire\languages\en\strings.txt
8.0.1 22-04-2020 19:39:33 ERROR: null: Key goal.mineiron2 is present more than once in C:\Users\juand\Documents\Curse\Minecraft\Instances\Drifter\mods\millenaire\languages\en\strings.txt
8.0.1 22-04-2020 19:39:33 ERROR: Culture: byzantines: en_us: In dialogue file C:\Users\juand\Documents\Curse\Minecraft\Instances\Drifter\mods\millenaire\languages\en\byzantines_dialogues.txt the following line is invalid: //* Dialogue lines start with a code like "v2;30;" which specify who is speaking and when the line shows up. Please copy it exactly in your translations.
8.0.1 22-04-2020 19:39:33 ERROR: Culture: byzantines: en: In dialogue file C:\Users\juand\Documents\Curse\Minecraft\Instances\Drifter\mods\millenaire\languages\en\byzantines_dialogues.txt the following line is invalid: //* Dialogue lines start with a code like "v2;30;" which specify who is speaking and when the line shows up. Please copy it exactly in your translations.
8.0.1 22-04-2020 19:39:34 MAJOR: null: LanguageData loaded: en_us. Wand invitem name: Wand of Summoning
8.0.1 22-04-2020 20:14:34 Starting new session. Mods: examplemod 
8.0.1 22-04-2020 20:15:24 MAJOR: null: Loading language: en_us
8.0.1 22-04-2020 20:15:24 ERROR: null: Key goal.mineiron2 is present more than once in C:\Users\juand\Documents\Curse\Minecraft\Instances\Drifter\mods\millenaire\languages\en\strings.txt
8.0.1 22-04-2020 20:15:24 ERROR: null: Key goal.mineiron2 is present more than once in C:\Users\juand\Documents\Curse\Minecraft\Instances\Drifter\mods\millenaire\languages\en\strings.txt
8.0.1 22-04-2020 20:15:24 ERROR: Culture: byzantines: en_us: In dialogue file C:\Users\juand\Documents\Curse\Minecraft\Instances\Drifter\mods\millenaire\languages\en\byzantines_dialogues.txt the following line is invalid: //* Dialogue lines start with a code like "v2;30;" which specify who is speaking and when the line shows up. Please copy it exactly in your translations.
8.0.1 22-04-2020 20:15:24 ERROR: Culture: byzantines: en: In dialogue file C:\Users\juand\Documents\Curse\Minecraft\Instances\Drifter\mods\millenaire\languages\en\byzantines_dialogues.txt the following line is invalid: //* Dialogue lines start with a code like "v2;30;" which specify who is speaking and when the line shows up. Please copy it exactly in your translations.
8.0.1 22-04-2020 20:15:25 MAJOR: null: LanguageData loaded: en_us. Wand invitem name: Wand of Summoning
8.0.1 23-04-2020 08:54:38 Starting new session. Mods: examplemod 
8.0.1 23-04-2020 08:55:16 MAJOR: null: Loading language: en_us
8.0.1 23-04-2020 08:55:16 ERROR: null: Key goal.mineiron2 is present more than once in C:\Users\juand\Documents\Curse\Minecraft\Instances\Drifter\mods\millenaire\languages\en\strings.txt
8.0.1 23-04-2020 08:55:16 ERROR: null: Key goal.mineiron2 is present more than once in C:\Users\juand\Documents\Curse\Minecraft\Instances\Drifter\mods\millenaire\languages\en\strings.txt
8.0.1 23-04-2020 08:55:16 ERROR: Culture: byzantines: en_us: In dialogue file C:\Users\juand\Documents\Curse\Minecraft\Instances\Drifter\mods\millenaire\languages\en\byzantines_dialogues.txt the following line is invalid: //* Dialogue lines start with a code like "v2;30;" which specify who is speaking and when the line shows up. Please copy it exactly in your translations.
8.0.1 23-04-2020 08:55:16 ERROR: Culture: byzantines: en: In dialogue file C:\Users\juand\Documents\Curse\Minecraft\Instances\Drifter\mods\millenaire\languages\en\byzantines_dialogues.txt the following line is invalid: //* Dialogue lines start with a code like "v2;30;" which specify who is speaking and when the line shows up. Please copy it exactly in your translations.
8.0.1 23-04-2020 08:55:17 MAJOR: null: LanguageData loaded: en_us. Wand invitem name: Wand of Summoning
8.0.1 23-04-2020 09:46:37 Starting new session. Mods: examplemod 
8.0.1 23-04-2020 09:47:42 MAJOR: null: Loading language: en_us
8.0.1 23-04-2020 09:47:42 ERROR: null: Key goal.mineiron2 is present more than once in C:\Users\juand\Documents\Curse\Minecraft\Instances\Drifter\mods\millenaire\languages\en\strings.txt
8.0.1 23-04-2020 09:47:42 ERROR: null: Key goal.mineiron2 is present more than once in C:\Users\juand\Documents\Curse\Minecraft\Instances\Drifter\mods\millenaire\languages\en\strings.txt
8.0.1 23-04-2020 09:47:42 ERROR: Culture: byzantines: en_us: In dialogue file C:\Users\juand\Documents\Curse\Minecraft\Instances\Drifter\mods\millenaire\languages\en\byzantines_dialogues.txt the following line is invalid: //* Dialogue lines start with a code like "v2;30;" which specify who is speaking and when the line shows up. Please copy it exactly in your translations.
8.0.1 23-04-2020 09:47:42 ERROR: Culture: byzantines: en: In dialogue file C:\Users\juand\Documents\Curse\Minecraft\Instances\Drifter\mods\millenaire\languages\en\byzantines_dialogues.txt the following line is invalid: //* Dialogue lines start with a code like "v2;30;" which specify who is speaking and when the line shows up. Please copy it exactly in your translations.
8.0.1 23-04-2020 09:47:43 MAJOR: null: LanguageData loaded: en_us. Wand invitem name: Wand of Summoning
